<?xml version="1.0" encoding="UTF-8"?>
<!-- Generated by org.testng.reporters.JUnitXMLReporter -->
<testsuite hostname="DESKTOP-QF66LGP" name="Default test" tests="5" failures="0" timestamp="20 Sep 2019 15:27:52 GMT" time="60.36" errors="0">
  <testcase name="features" time="13.52" classname="homepagefunctions.Home_Page"/>
  <testcase name="solutions" time="8.818" classname="homepagefunctions.Home_Page"/>
  <testcase name="why_us" time="2.284" classname="homepagefunctions.Home_Page"/>
  <testcase name="contact_us" time="2.084" classname="homepagefunctions.Home_Page"/>
  <testcase name="more" time="8.553" classname="homepagefunctions.Home_Page"/>
</testsuite> <!-- Default test -->
